//------------------------------------------------------------------------------
//--  Generated by TunerStudio 
//--  Date: 3-22-2024
//--  Time: 18:22
//--  This file merely records what was sent to your Controller,        
//--  and may be deleted at any time.                                                    
//--  Selected type: AFR Table 
//------------------------------------------------------------------------------

//-- generated using formula: 8.3470 + (adcValue * 0.00795792) 
//-- Table Identifier:002

ADC 	Value 	MSVal 	volts
0	8.35	83 	0.000
1	8.35	84 	0.005
2	8.36	84 	0.010
3	8.37	84 	0.015
4	8.38	84 	0.020
5	8.39	84 	0.024
6	8.39	84 	0.029
7	8.40	84 	0.034
8	8.41	84 	0.039
9	8.42	84 	0.044
10	8.43	84 	0.049
11	8.43	84 	0.054
12	8.44	84 	0.059
13	8.45	85 	0.063
14	8.46	85 	0.068
15	8.47	85 	0.073
16	8.47	85 	0.078
17	8.48	85 	0.083
18	8.49	85 	0.088
19	8.50	85 	0.093
20	8.51	85 	0.098
21	8.51	85 	0.103
22	8.52	85 	0.107
23	8.53	85 	0.112
24	8.54	85 	0.117
25	8.55	85 	0.122
26	8.55	86 	0.127
27	8.56	86 	0.132
28	8.57	86 	0.137
29	8.58	86 	0.142
30	8.59	86 	0.146
31	8.59	86 	0.151
32	8.60	86 	0.156
33	8.61	86 	0.161
34	8.62	86 	0.166
35	8.63	86 	0.171
36	8.63	86 	0.176
37	8.64	86 	0.181
38	8.65	86 	0.186
39	8.66	87 	0.190
40	8.67	87 	0.195
41	8.67	87 	0.200
42	8.68	87 	0.205
43	8.69	87 	0.210
44	8.70	87 	0.215
45	8.71	87 	0.220
46	8.71	87 	0.225
47	8.72	87 	0.229
48	8.73	87 	0.234
49	8.74	87 	0.239
50	8.74	87 	0.244
51	8.75	88 	0.249
52	8.76	88 	0.254
53	8.77	88 	0.259
54	8.78	88 	0.264
55	8.78	88 	0.269
56	8.79	88 	0.273
57	8.80	88 	0.278
58	8.81	88 	0.283
59	8.82	88 	0.288
60	8.82	88 	0.293
61	8.83	88 	0.298
62	8.84	88 	0.303
63	8.85	88 	0.308
64	8.86	89 	0.313
65	8.86	89 	0.317
66	8.87	89 	0.322
67	8.88	89 	0.327
68	8.89	89 	0.332
69	8.90	89 	0.337
70	8.90	89 	0.342
71	8.91	89 	0.347
72	8.92	89 	0.352
73	8.93	89 	0.356
74	8.94	89 	0.361
75	8.94	89 	0.366
76	8.95	90 	0.371
77	8.96	90 	0.376
78	8.97	90 	0.381
79	8.98	90 	0.386
80	8.98	90 	0.391
81	8.99	90 	0.396
82	9.00	90 	0.400
83	9.01	90 	0.405
84	9.02	90 	0.410
85	9.02	90 	0.415
86	9.03	90 	0.420
87	9.04	90 	0.425
88	9.05	90 	0.430
89	9.06	91 	0.435
90	9.06	91 	0.439
91	9.07	91 	0.444
92	9.08	91 	0.449
93	9.09	91 	0.454
94	9.10	91 	0.459
95	9.10	91 	0.464
96	9.11	91 	0.469
97	9.12	91 	0.474
98	9.13	91 	0.479
99	9.13	91 	0.483
100	9.14	91 	0.488
101	9.15	92 	0.493
102	9.16	92 	0.498
103	9.17	92 	0.503
104	9.17	92 	0.508
105	9.18	92 	0.513
106	9.19	92 	0.518
107	9.20	92 	0.522
108	9.21	92 	0.527
109	9.21	92 	0.532
110	9.22	92 	0.537
111	9.23	92 	0.542
112	9.24	92 	0.547
113	9.25	92 	0.552
114	9.25	93 	0.557
115	9.26	93 	0.562
116	9.27	93 	0.566
117	9.28	93 	0.571
118	9.29	93 	0.576
119	9.29	93 	0.581
120	9.30	93 	0.586
121	9.31	93 	0.591
122	9.32	93 	0.596
123	9.33	93 	0.601
124	9.33	93 	0.605
125	9.34	93 	0.610
126	9.35	93 	0.615
127	9.36	94 	0.620
128	9.37	94 	0.625
129	9.37	94 	0.630
130	9.38	94 	0.635
131	9.39	94 	0.640
132	9.40	94 	0.645
133	9.41	94 	0.649
134	9.41	94 	0.654
135	9.42	94 	0.659
136	9.43	94 	0.664
137	9.44	94 	0.669
138	9.45	94 	0.674
139	9.45	95 	0.679
140	9.46	95 	0.684
141	9.47	95 	0.688
142	9.48	95 	0.693
143	9.48	95 	0.698
144	9.49	95 	0.703
145	9.50	95 	0.708
146	9.51	95 	0.713
147	9.52	95 	0.718
148	9.52	95 	0.723
149	9.53	95 	0.728
150	9.54	95 	0.732
151	9.55	95 	0.737
152	9.56	96 	0.742
153	9.56	96 	0.747
154	9.57	96 	0.752
155	9.58	96 	0.757
156	9.59	96 	0.762
157	9.60	96 	0.767
158	9.60	96 	0.771
159	9.61	96 	0.776
160	9.62	96 	0.781
161	9.63	96 	0.786
162	9.64	96 	0.791
163	9.64	96 	0.796
164	9.65	97 	0.801
165	9.66	97 	0.806
166	9.67	97 	0.811
167	9.68	97 	0.815
168	9.68	97 	0.820
169	9.69	97 	0.825
170	9.70	97 	0.830
171	9.71	97 	0.835
172	9.72	97 	0.840
173	9.72	97 	0.845
174	9.73	97 	0.850
175	9.74	97 	0.854
176	9.75	97 	0.859
177	9.76	98 	0.864
178	9.76	98 	0.869
179	9.77	98 	0.874
180	9.78	98 	0.879
181	9.79	98 	0.884
182	9.80	98 	0.889
183	9.80	98 	0.894
184	9.81	98 	0.898
185	9.82	98 	0.903
186	9.83	98 	0.908
187	9.84	98 	0.913
188	9.84	98 	0.918
189	9.85	99 	0.923
190	9.86	99 	0.928
191	9.87	99 	0.933
192	9.87	99 	0.938
193	9.88	99 	0.942
194	9.89	99 	0.947
195	9.90	99 	0.952
196	9.91	99 	0.957
197	9.91	99 	0.962
198	9.92	99 	0.967
199	9.93	99 	0.972
200	9.94	99 	0.977
201	9.95	99 	0.981
202	9.95	100 	0.986
203	9.96	100 	0.991
204	9.97	100 	0.996
205	9.98	100 	1.001
206	9.99	100 	1.006
207	9.99	100 	1.011
208	10.00	100 	1.016
209	10.01	100 	1.021
210	10.02	100 	1.025
211	10.03	100 	1.030
212	10.03	100 	1.035
213	10.04	100 	1.040
214	10.05	100 	1.045
215	10.06	101 	1.050
216	10.07	101 	1.055
217	10.07	101 	1.060
218	10.08	101 	1.064
219	10.09	101 	1.069
220	10.10	101 	1.074
221	10.11	101 	1.079
222	10.11	101 	1.084
223	10.12	101 	1.089
224	10.13	101 	1.094
225	10.14	101 	1.099
226	10.15	101 	1.104
227	10.15	102 	1.108
228	10.16	102 	1.113
229	10.17	102 	1.118
230	10.18	102 	1.123
231	10.19	102 	1.128
232	10.19	102 	1.133
233	10.20	102 	1.138
234	10.21	102 	1.143
235	10.22	102 	1.147
236	10.23	102 	1.152
237	10.23	102 	1.157
238	10.24	102 	1.162
239	10.25	102 	1.167
240	10.26	103 	1.172
241	10.26	103 	1.177
242	10.27	103 	1.182
243	10.28	103 	1.187
244	10.29	103 	1.191
245	10.30	103 	1.196
246	10.30	103 	1.201
247	10.31	103 	1.206
248	10.32	103 	1.211
249	10.33	103 	1.216
250	10.34	103 	1.221
251	10.34	103 	1.226
252	10.35	104 	1.230
253	10.36	104 	1.235
254	10.37	104 	1.240
255	10.38	104 	1.245
256	10.38	104 	1.250
257	10.39	104 	1.255
258	10.40	104 	1.260
259	10.41	104 	1.265
260	10.42	104 	1.270
261	10.42	104 	1.274
262	10.43	104 	1.279
263	10.44	104 	1.284
264	10.45	104 	1.289
265	10.46	105 	1.294
266	10.46	105 	1.299
267	10.47	105 	1.304
268	10.48	105 	1.309
269	10.49	105 	1.313
270	10.50	105 	1.318
271	10.50	105 	1.323
272	10.51	105 	1.328
273	10.52	105 	1.333
274	10.53	105 	1.338
275	10.54	105 	1.343
276	10.54	105 	1.348
277	10.55	106 	1.353
278	10.56	106 	1.357
279	10.57	106 	1.362
280	10.58	106 	1.367
281	10.58	106 	1.372
282	10.59	106 	1.377
283	10.60	106 	1.382
284	10.61	106 	1.387
285	10.62	106 	1.392
286	10.62	106 	1.396
287	10.63	106 	1.401
288	10.64	106 	1.406
289	10.65	106 	1.411
290	10.65	107 	1.416
291	10.66	107 	1.421
292	10.67	107 	1.426
293	10.68	107 	1.431
294	10.69	107 	1.436
295	10.69	107 	1.440
296	10.70	107 	1.445
297	10.71	107 	1.450
298	10.72	107 	1.455
299	10.73	107 	1.460
300	10.73	107 	1.465
301	10.74	107 	1.470
302	10.75	108 	1.475
303	10.76	108 	1.479
304	10.77	108 	1.484
305	10.77	108 	1.489
306	10.78	108 	1.494
307	10.79	108 	1.499
308	10.80	108 	1.504
309	10.81	108 	1.509
310	10.81	108 	1.514
311	10.82	108 	1.519
312	10.83	108 	1.523
313	10.84	108 	1.528
314	10.85	108 	1.533
315	10.85	109 	1.538
316	10.86	109 	1.543
317	10.87	109 	1.548
318	10.88	109 	1.553
319	10.89	109 	1.558
320	10.89	109 	1.563
321	10.90	109 	1.567
322	10.91	109 	1.572
323	10.92	109 	1.577
324	10.93	109 	1.582
325	10.93	109 	1.587
326	10.94	109 	1.592
327	10.95	109 	1.597
328	10.96	110 	1.602
329	10.97	110 	1.606
330	10.97	110 	1.611
331	10.98	110 	1.616
332	10.99	110 	1.621
333	11.00	110 	1.626
334	11.00	110 	1.631
335	11.01	110 	1.636
336	11.02	110 	1.641
337	11.03	110 	1.646
338	11.04	110 	1.650
339	11.04	110 	1.655
340	11.05	111 	1.660
341	11.06	111 	1.665
342	11.07	111 	1.670
343	11.08	111 	1.675
344	11.08	111 	1.680
345	11.09	111 	1.685
346	11.10	111 	1.689
347	11.11	111 	1.694
348	11.12	111 	1.699
349	11.12	111 	1.704
350	11.13	111 	1.709
351	11.14	111 	1.714
352	11.15	111 	1.719
353	11.16	112 	1.724
354	11.16	112 	1.729
355	11.17	112 	1.733
356	11.18	112 	1.738
357	11.19	112 	1.743
358	11.20	112 	1.748
359	11.20	112 	1.753
360	11.21	112 	1.758
361	11.22	112 	1.763
362	11.23	112 	1.768
363	11.24	112 	1.772
364	11.24	112 	1.777
365	11.25	113 	1.782
366	11.26	113 	1.787
367	11.27	113 	1.792
368	11.28	113 	1.797
369	11.28	113 	1.802
370	11.29	113 	1.807
371	11.30	113 	1.812
372	11.31	113 	1.816
373	11.32	113 	1.821
374	11.32	113 	1.826
375	11.33	113 	1.831
376	11.34	113 	1.836
377	11.35	113 	1.841
378	11.36	114 	1.846
379	11.36	114 	1.851
380	11.37	114 	1.855
381	11.38	114 	1.860
382	11.39	114 	1.865
383	11.39	114 	1.870
384	11.40	114 	1.875
385	11.41	114 	1.880
386	11.42	114 	1.885
387	11.43	114 	1.890
388	11.43	114 	1.895
389	11.44	114 	1.899
390	11.45	115 	1.904
391	11.46	115 	1.909
392	11.47	115 	1.914
393	11.47	115 	1.919
394	11.48	115 	1.924
395	11.49	115 	1.929
396	11.50	115 	1.934
397	11.51	115 	1.938
398	11.51	115 	1.943
399	11.52	115 	1.948
400	11.53	115 	1.953
401	11.54	115 	1.958
402	11.55	115 	1.963
403	11.55	116 	1.968
404	11.56	116 	1.973
405	11.57	116 	1.978
406	11.58	116 	1.982
407	11.59	116 	1.987
408	11.59	116 	1.992
409	11.60	116 	1.997
410	11.61	116 	2.002
411	11.62	116 	2.007
412	11.63	116 	2.012
413	11.63	116 	2.017
414	11.64	116 	2.021
415	11.65	116 	2.026
416	11.66	117 	2.031
417	11.67	117 	2.036
418	11.67	117 	2.041
419	11.68	117 	2.046
420	11.69	117 	2.051
421	11.70	117 	2.056
422	11.71	117 	2.061
423	11.71	117 	2.065
424	11.72	117 	2.070
425	11.73	117 	2.075
426	11.74	117 	2.080
427	11.75	117 	2.085
428	11.75	118 	2.090
429	11.76	118 	2.095
430	11.77	118 	2.100
431	11.78	118 	2.104
432	11.78	118 	2.109
433	11.79	118 	2.114
434	11.80	118 	2.119
435	11.81	118 	2.124
436	11.82	118 	2.129
437	11.82	118 	2.134
438	11.83	118 	2.139
439	11.84	118 	2.144
440	11.85	118 	2.148
441	11.86	119 	2.153
442	11.86	119 	2.158
443	11.87	119 	2.163
444	11.88	119 	2.168
445	11.89	119 	2.173
446	11.90	119 	2.178
447	11.90	119 	2.183
448	11.91	119 	2.188
449	11.92	119 	2.192
450	11.93	119 	2.197
451	11.94	119 	2.202
452	11.94	119 	2.207
453	11.95	120 	2.212
454	11.96	120 	2.217
455	11.97	120 	2.222
456	11.98	120 	2.227
457	11.98	120 	2.231
458	11.99	120 	2.236
459	12.00	120 	2.241
460	12.01	120 	2.246
461	12.02	120 	2.251
462	12.02	120 	2.256
463	12.03	120 	2.261
464	12.04	120 	2.266
465	12.05	120 	2.271
466	12.06	121 	2.275
467	12.06	121 	2.280
468	12.07	121 	2.285
469	12.08	121 	2.290
470	12.09	121 	2.295
471	12.10	121 	2.300
472	12.10	121 	2.305
473	12.11	121 	2.310
474	12.12	121 	2.314
475	12.13	121 	2.319
476	12.13	121 	2.324
477	12.14	121 	2.329
478	12.15	122 	2.334
479	12.16	122 	2.339
480	12.17	122 	2.344
481	12.17	122 	2.349
482	12.18	122 	2.354
483	12.19	122 	2.358
484	12.20	122 	2.363
485	12.21	122 	2.368
486	12.21	122 	2.373
487	12.22	122 	2.378
488	12.23	122 	2.383
489	12.24	122 	2.388
490	12.25	122 	2.393
491	12.25	123 	2.397
492	12.26	123 	2.402
493	12.27	123 	2.407
494	12.28	123 	2.412
495	12.29	123 	2.417
496	12.29	123 	2.422
497	12.30	123 	2.427
498	12.31	123 	2.432
499	12.32	123 	2.437
500	12.33	123 	2.441
501	12.33	123 	2.446
502	12.34	123 	2.451
503	12.35	123 	2.456
504	12.36	124 	2.461
505	12.37	124 	2.466
506	12.37	124 	2.471
507	12.38	124 	2.476
508	12.39	124 	2.480
509	12.40	124 	2.485
510	12.41	124 	2.490
511	12.41	124 	2.495
512	12.42	124 	2.500
513	12.43	124 	2.505
514	12.44	124 	2.510
515	12.45	124 	2.515
516	12.45	125 	2.520
517	12.46	125 	2.524
518	12.47	125 	2.529
519	12.48	125 	2.534
520	12.49	125 	2.539
521	12.49	125 	2.544
522	12.50	125 	2.549
523	12.51	125 	2.554
524	12.52	125 	2.559
525	12.52	125 	2.563
526	12.53	125 	2.568
527	12.54	125 	2.573
528	12.55	125 	2.578
529	12.56	126 	2.583
530	12.56	126 	2.588
531	12.57	126 	2.593
532	12.58	126 	2.598
533	12.59	126 	2.603
534	12.60	126 	2.607
535	12.60	126 	2.612
536	12.61	126 	2.617
537	12.62	126 	2.622
538	12.63	126 	2.627
539	12.64	126 	2.632
540	12.64	126 	2.637
541	12.65	127 	2.642
542	12.66	127 	2.646
543	12.67	127 	2.651
544	12.68	127 	2.656
545	12.68	127 	2.661
546	12.69	127 	2.666
547	12.70	127 	2.671
548	12.71	127 	2.676
549	12.72	127 	2.681
550	12.72	127 	2.686
551	12.73	127 	2.690
552	12.74	127 	2.695
553	12.75	127 	2.700
554	12.76	128 	2.705
555	12.76	128 	2.710
556	12.77	128 	2.715
557	12.78	128 	2.720
558	12.79	128 	2.725
559	12.80	128 	2.729
560	12.80	128 	2.734
561	12.81	128 	2.739
562	12.82	128 	2.744
563	12.83	128 	2.749
564	12.84	128 	2.754
565	12.84	128 	2.759
566	12.85	129 	2.764
567	12.86	129 	2.769
568	12.87	129 	2.773
569	12.88	129 	2.778
570	12.88	129 	2.783
571	12.89	129 	2.788
572	12.90	129 	2.793
573	12.91	129 	2.798
574	12.91	129 	2.803
575	12.92	129 	2.808
576	12.93	129 	2.813
577	12.94	129 	2.817
578	12.95	129 	2.822
579	12.95	130 	2.827
580	12.96	130 	2.832
581	12.97	130 	2.837
582	12.98	130 	2.842
583	12.99	130 	2.847
584	12.99	130 	2.852
585	13.00	130 	2.856
586	13.01	130 	2.861
587	13.02	130 	2.866
588	13.03	130 	2.871
589	13.03	130 	2.876
590	13.04	130 	2.881
591	13.05	131 	2.886
592	13.06	131 	2.891
593	13.07	131 	2.896
594	13.07	131 	2.900
595	13.08	131 	2.905
596	13.09	131 	2.910
597	13.10	131 	2.915
598	13.11	131 	2.920
599	13.11	131 	2.925
600	13.12	131 	2.930
601	13.13	131 	2.935
602	13.14	131 	2.939
603	13.15	131 	2.944
604	13.15	132 	2.949
605	13.16	132 	2.954
606	13.17	132 	2.959
607	13.18	132 	2.964
608	13.19	132 	2.969
609	13.19	132 	2.974
610	13.20	132 	2.979
611	13.21	132 	2.983
612	13.22	132 	2.988
613	13.23	132 	2.993
614	13.23	132 	2.998
615	13.24	132 	3.003
616	13.25	132 	3.008
617	13.26	133 	3.013
618	13.26	133 	3.018
619	13.27	133 	3.022
620	13.28	133 	3.027
621	13.29	133 	3.032
622	13.30	133 	3.037
623	13.30	133 	3.042
624	13.31	133 	3.047
625	13.32	133 	3.052
626	13.33	133 	3.057
627	13.34	133 	3.062
628	13.34	133 	3.066
629	13.35	134 	3.071
630	13.36	134 	3.076
631	13.37	134 	3.081
632	13.38	134 	3.086
633	13.38	134 	3.091
634	13.39	134 	3.096
635	13.40	134 	3.101
636	13.41	134 	3.105
637	13.42	134 	3.110
638	13.42	134 	3.115
639	13.43	134 	3.120
640	13.44	134 	3.125
641	13.45	134 	3.130
642	13.46	135 	3.135
643	13.46	135 	3.140
644	13.47	135 	3.145
645	13.48	135 	3.149
646	13.49	135 	3.154
647	13.50	135 	3.159
648	13.50	135 	3.164
649	13.51	135 	3.169
650	13.52	135 	3.174
651	13.53	135 	3.179
652	13.54	135 	3.184
653	13.54	135 	3.188
654	13.55	136 	3.193
655	13.56	136 	3.198
656	13.57	136 	3.203
657	13.58	136 	3.208
658	13.58	136 	3.213
659	13.59	136 	3.218
660	13.60	136 	3.223
661	13.61	136 	3.228
662	13.62	136 	3.232
663	13.62	136 	3.237
664	13.63	136 	3.242
665	13.64	136 	3.247
666	13.65	136 	3.252
667	13.65	137 	3.257
668	13.66	137 	3.262
669	13.67	137 	3.267
670	13.68	137 	3.271
671	13.69	137 	3.276
672	13.69	137 	3.281
673	13.70	137 	3.286
674	13.71	137 	3.291
675	13.72	137 	3.296
676	13.73	137 	3.301
677	13.73	137 	3.306
678	13.74	137 	3.311
679	13.75	138 	3.315
680	13.76	138 	3.320
681	13.77	138 	3.325
682	13.77	138 	3.330
683	13.78	138 	3.335
684	13.79	138 	3.340
685	13.80	138 	3.345
686	13.81	138 	3.350
687	13.81	138 	3.354
688	13.82	138 	3.359
689	13.83	138 	3.364
690	13.84	138 	3.369
691	13.85	138 	3.374
692	13.85	139 	3.379
693	13.86	139 	3.384
694	13.87	139 	3.389
695	13.88	139 	3.394
696	13.89	139 	3.398
697	13.89	139 	3.403
698	13.90	139 	3.408
699	13.91	139 	3.413
700	13.92	139 	3.418
701	13.93	139 	3.423
702	13.93	139 	3.428
703	13.94	139 	3.433
704	13.95	139 	3.438
705	13.96	140 	3.442
706	13.97	140 	3.447
707	13.97	140 	3.452
708	13.98	140 	3.457
709	13.99	140 	3.462
710	14.00	140 	3.467
711	14.01	140 	3.472
712	14.01	140 	3.477
713	14.02	140 	3.481
714	14.03	140 	3.486
715	14.04	140 	3.491
716	14.04	140 	3.496
717	14.05	141 	3.501
718	14.06	141 	3.506
719	14.07	141 	3.511
720	14.08	141 	3.516
721	14.08	141 	3.521
722	14.09	141 	3.525
723	14.10	141 	3.530
724	14.11	141 	3.535
725	14.12	141 	3.540
726	14.12	141 	3.545
727	14.13	141 	3.550
728	14.14	141 	3.555
729	14.15	141 	3.560
730	14.16	142 	3.564
731	14.16	142 	3.569
732	14.17	142 	3.574
733	14.18	142 	3.579
734	14.19	142 	3.584
735	14.20	142 	3.589
736	14.20	142 	3.594
737	14.21	142 	3.599
738	14.22	142 	3.604
739	14.23	142 	3.608
740	14.24	142 	3.613
741	14.24	142 	3.618
742	14.25	143 	3.623
743	14.26	143 	3.628
744	14.27	143 	3.633
745	14.28	143 	3.638
746	14.28	143 	3.643
747	14.29	143 	3.647
748	14.30	143 	3.652
749	14.31	143 	3.657
750	14.32	143 	3.662
751	14.32	143 	3.667
752	14.33	143 	3.672
753	14.34	143 	3.677
754	14.35	143 	3.682
755	14.36	144 	3.687
756	14.36	144 	3.691
757	14.37	144 	3.696
758	14.38	144 	3.701
759	14.39	144 	3.706
760	14.40	144 	3.711
761	14.40	144 	3.716
762	14.41	144 	3.721
763	14.42	144 	3.726
764	14.43	144 	3.730
765	14.43	144 	3.735
766	14.44	144 	3.740
767	14.45	145 	3.745
768	14.46	145 	3.750
769	14.47	145 	3.755
770	14.47	145 	3.760
771	14.48	145 	3.765
772	14.49	145 	3.770
773	14.50	145 	3.774
774	14.51	145 	3.779
775	14.51	145 	3.784
776	14.52	145 	3.789
777	14.53	145 	3.794
778	14.54	145 	3.799
779	14.55	145 	3.804
780	14.55	146 	3.809
781	14.56	146 	3.813
782	14.57	146 	3.818
783	14.58	146 	3.823
784	14.59	146 	3.828
785	14.59	146 	3.833
786	14.60	146 	3.838
787	14.61	146 	3.843
788	14.62	146 	3.848
789	14.63	146 	3.853
790	14.63	146 	3.857
791	14.64	146 	3.862
792	14.65	146 	3.867
793	14.66	147 	3.872
794	14.67	147 	3.877
795	14.67	147 	3.882
796	14.68	147 	3.887
797	14.69	147 	3.892
798	14.70	147 	3.896
799	14.71	147 	3.901
800	14.71	147 	3.906
801	14.72	147 	3.911
802	14.73	147 	3.916
803	14.74	147 	3.921
804	14.75	147 	3.926
805	14.75	148 	3.931
806	14.76	148 	3.936
807	14.77	148 	3.940
808	14.78	148 	3.945
809	14.78	148 	3.950
810	14.79	148 	3.955
811	14.80	148 	3.960
812	14.81	148 	3.965
813	14.82	148 	3.970
814	14.82	148 	3.975
815	14.83	148 	3.979
816	14.84	148 	3.984
817	14.85	148 	3.989
818	14.86	149 	3.994
819	14.86	149 	3.999
820	14.87	149 	4.004
821	14.88	149 	4.009
822	14.89	149 	4.014
823	14.90	149 	4.019
824	14.90	149 	4.023
825	14.91	149 	4.028
826	14.92	149 	4.033
827	14.93	149 	4.038
828	14.94	149 	4.043
829	14.94	149 	4.048
830	14.95	150 	4.053
831	14.96	150 	4.058
832	14.97	150 	4.063
833	14.98	150 	4.067
834	14.98	150 	4.072
835	14.99	150 	4.077
836	15.00	150 	4.082
837	15.01	150 	4.087
838	15.02	150 	4.092
839	15.02	150 	4.097
840	15.03	150 	4.102
841	15.04	150 	4.106
842	15.05	150 	4.111
843	15.06	151 	4.116
844	15.06	151 	4.121
845	15.07	151 	4.126
846	15.08	151 	4.131
847	15.09	151 	4.136
848	15.10	151 	4.141
849	15.10	151 	4.146
850	15.11	151 	4.150
851	15.12	151 	4.155
852	15.13	151 	4.160
853	15.14	151 	4.165
854	15.14	151 	4.170
855	15.15	152 	4.175
856	15.16	152 	4.180
857	15.17	152 	4.185
858	15.17	152 	4.189
859	15.18	152 	4.194
860	15.19	152 	4.199
861	15.20	152 	4.204
862	15.21	152 	4.209
863	15.21	152 	4.214
864	15.22	152 	4.219
865	15.23	152 	4.224
866	15.24	152 	4.229
867	15.25	152 	4.233
868	15.25	153 	4.238
869	15.26	153 	4.243
870	15.27	153 	4.248
871	15.28	153 	4.253
872	15.29	153 	4.258
873	15.29	153 	4.263
874	15.30	153 	4.268
875	15.31	153 	4.272
876	15.32	153 	4.277
877	15.33	153 	4.282
878	15.33	153 	4.287
879	15.34	153 	4.292
880	15.35	153 	4.297
881	15.36	154 	4.302
882	15.37	154 	4.307
883	15.37	154 	4.312
884	15.38	154 	4.316
885	15.39	154 	4.321
886	15.40	154 	4.326
887	15.41	154 	4.331
888	15.41	154 	4.336
889	15.42	154 	4.341
890	15.43	154 	4.346
891	15.44	154 	4.351
892	15.45	154 	4.355
893	15.45	155 	4.360
894	15.46	155 	4.365
895	15.47	155 	4.370
896	15.48	155 	4.375
897	15.49	155 	4.380
898	15.49	155 	4.385
899	15.50	155 	4.390
900	15.51	155 	4.395
901	15.52	155 	4.399
902	15.53	155 	4.404
903	15.53	155 	4.409
904	15.54	155 	4.414
905	15.55	155 	4.419
906	15.56	156 	4.424
907	15.56	156 	4.429
908	15.57	156 	4.434
909	15.58	156 	4.438
910	15.59	156 	4.443
911	15.60	156 	4.448
912	15.60	156 	4.453
913	15.61	156 	4.458
914	15.62	156 	4.463
915	15.63	156 	4.468
916	15.64	156 	4.473
917	15.64	156 	4.478
918	15.65	157 	4.482
919	15.66	157 	4.487
920	15.67	157 	4.492
921	15.68	157 	4.497
922	15.68	157 	4.502
923	15.69	157 	4.507
924	15.70	157 	4.512
925	15.71	157 	4.517
926	15.72	157 	4.521
927	15.72	157 	4.526
928	15.73	157 	4.531
929	15.74	157 	4.536
930	15.75	157 	4.541
931	15.76	158 	4.546
932	15.76	158 	4.551
933	15.77	158 	4.556
934	15.78	158 	4.561
935	15.79	158 	4.565
936	15.80	158 	4.570
937	15.80	158 	4.575
938	15.81	158 	4.580
939	15.82	158 	4.585
940	15.83	158 	4.590
941	15.84	158 	4.595
942	15.84	158 	4.600
943	15.85	159 	4.604
944	15.86	159 	4.609
945	15.87	159 	4.614
946	15.88	159 	4.619
947	15.88	159 	4.624
948	15.89	159 	4.629
949	15.90	159 	4.634
950	15.91	159 	4.639
951	15.91	159 	4.644
952	15.92	159 	4.648
953	15.93	159 	4.653
954	15.94	159 	4.658
955	15.95	159 	4.663
956	15.95	160 	4.668
957	15.96	160 	4.673
958	15.97	160 	4.678
959	15.98	160 	4.683
960	15.99	160 	4.688
961	15.99	160 	4.692
962	16.00	160 	4.697
963	16.01	160 	4.702
964	16.02	160 	4.707
965	16.03	160 	4.712
966	16.03	160 	4.717
967	16.04	160 	4.722
968	16.05	161 	4.727
969	16.06	161 	4.731
970	16.07	161 	4.736
971	16.07	161 	4.741
972	16.08	161 	4.746
973	16.09	161 	4.751
974	16.10	161 	4.756
975	16.11	161 	4.761
976	16.11	161 	4.766
977	16.12	161 	4.771
978	16.13	161 	4.775
979	16.14	161 	4.780
980	16.15	161 	4.785
981	16.15	162 	4.790
982	16.16	162 	4.795
983	16.17	162 	4.800
984	16.18	162 	4.805
985	16.19	162 	4.810
986	16.19	162 	4.814
987	16.20	162 	4.819
988	16.21	162 	4.824
989	16.22	162 	4.829
990	16.23	162 	4.834
991	16.23	162 	4.839
992	16.24	162 	4.844
993	16.25	162 	4.849
994	16.26	163 	4.854
995	16.27	163 	4.858
996	16.27	163 	4.863
997	16.28	163 	4.868
998	16.29	163 	4.873
999	16.30	163 	4.878
1000	16.30	163 	4.883
1001	16.31	163 	4.888
1002	16.32	163 	4.893
1003	16.33	163 	4.897
1004	16.34	163 	4.902
1005	16.34	163 	4.907
1006	16.35	164 	4.912
1007	16.36	164 	4.917
1008	16.37	164 	4.922
1009	16.38	164 	4.927
1010	16.38	164 	4.932
1011	16.39	164 	4.937
1012	16.40	164 	4.941
1013	16.41	164 	4.946
1014	16.42	164 	4.951
1015	16.42	164 	4.956
1016	16.43	164 	4.961
1017	16.44	164 	4.966
1018	16.45	164 	4.971
1019	16.46	165 	4.976
1020	16.46	165 	4.980
1021	16.47	165 	4.985
1022	16.48	165 	4.990
1023	16.49	165 	4.995
